== command ==
TCFS_AUTO_PROVISIONING_PROFILES=1 TCFS_REQUIRE_PRODUCTION_SIGNING=1 swift/fileprovider/build.sh target/release target/release/build/tcfs-file-provider-849254a137cecd91/out/tcfs_file_provider.h build/fileprovider-signed-app-preflight-20260516T183213Z auto

== output ==
==> Auto-detected signing identity: Developer ID Application: John Sullivan (QP994XQKNH)
==> Auto-detecting TCFS provisioning profiles...
==> Building TCFS FileProvider extension
    Rust lib:   target/release
    Header:     target/release/build/tcfs-file-provider-849254a137cecd91/out/tcfs_file_provider.h
    SDK:        /Applications/Xcode.app/Contents/Developer/Platforms/MacOSX.platform/Developer/SDKs/MacOSX26.5.sdk
    Xcode:      /Applications/Xcode.app/Contents/Developer
    Swift:      /Applications/Xcode.app/Contents/Developer/Toolchains/XcodeDefault.xctoolchain/usr/bin/swiftc
    Output:     build/fileprovider-signed-app-preflight-20260516T183213Z
==> Embedded config disabled
    Extension will fall back to Keychain/XDG/App Group
==> Compiling FileProvider extension...
/Users/jess/git/tummycrypt/swift/fileprovider/Sources/Extension/FileProviderItem.swift:94:67: warning: 'allowsEvicting' was deprecated in macOS 13.0: use NSFileProviderContentPolicy instead [#DeprecatedDeclaration]
 92 |             return [.allowsReading, .allowsContentEnumerating, .allowsAddingSubItems, .allowsDeleting]
 93 |         }
 94 |         return [.allowsReading, .allowsWriting, .allowsDeleting, .allowsEvicting]
    |                                                                   `- warning: 'allowsEvicting' was deprecated in macOS 13.0: use NSFileProviderContentPolicy instead [#DeprecatedDeclaration]
 95 |     }
 96 | 

[#DeprecatedDeclaration]: <https://docs.swift.org/compiler/documentation/diagnostics/deprecated-declaration>
==> Compiling host app...
==> No FinderSync sources found, skipping
==> Assembling bundle...
==> Embedded host provisioning profile
==> Embedded extension provisioning profile
==> Resolving entitlements...
    TeamID: QP994XQKNH
==> Signing...
    Identity: Developer ID Application: John Sullivan (QP994XQKNH)
build/fileprovider-signed-app-preflight-20260516T183213Z/TCFSProvider.app/Contents/Extensions/TCFSFileProvider.appex: replacing existing signature
build/fileprovider-signed-app-preflight-20260516T183213Z/TCFSProvider.app: replacing existing signature
==> Validating...
    Host app:  OK
    Extension: OK
==> Running production signing preflight...
host app: build/fileprovider-signed-app-preflight-20260516T183213Z/TCFSProvider.app
host app bundle identifier: io.tinyland.tcfs
host app codesign: valid
host app app group entitlement: group.io.tinyland.tcfs
host app keychain access group entitlement: QP994XQKNH.group.io.tinyland.tcfs
host app provisioning profile: build/fileprovider-signed-app-preflight-20260516T183213Z/TCFSProvider.app/Contents/embedded.provisionprofile
host app provisioning profile app group: group.io.tinyland.tcfs
host app provisioning profile keychain group: QP994XQKNH.*
host app provisioning profile application identifier: QP994XQKNH.io.tinyland.tcfs
host app provisioning profile contains signing certificate: 61A8E77C4F3D678921FF0A7DC9D7E317F7754F50
FileProvider extension bundle identifier: io.tinyland.tcfs.fileprovider
FileProvider extension codesign: valid
FileProvider extension app group entitlement: group.io.tinyland.tcfs
FileProvider extension keychain access group entitlement: QP994XQKNH.group.io.tinyland.tcfs
FileProvider extension provisioning profile: build/fileprovider-signed-app-preflight-20260516T183213Z/TCFSProvider.app/Contents/Extensions/TCFSFileProvider.appex/Contents/embedded.provisionprofile
FileProvider extension provisioning profile app group: group.io.tinyland.tcfs
FileProvider extension provisioning profile keychain group: QP994XQKNH.*
FileProvider extension provisioning profile application identifier: QP994XQKNH.io.tinyland.tcfs.fileprovider
FileProvider extension provisioning profile contains signing certificate: 61A8E77C4F3D678921FF0A7DC9D7E317F7754F50
macOS FileProvider signing preflight passed
==> Done: build/fileprovider-signed-app-preflight-20260516T183213Z/TCFSProvider.app
