Executable=/Users/jess/Applications/TCFSProvider.app/Contents/MacOS/TCFSProvider
Identifier=io.tinyland.tcfs
Format=app bundle with Mach-O thin (arm64)
CodeDirectory v=20400 size=521 flags=0x2(adhoc) hashes=6+7 location=embedded
VersionPlatform=1
VersionMin=983040
VersionSDK=1704960
Hash type=sha256 size=32
CandidateCDHash sha256=5a62d3cb098a416f610e14750853fa4418dd2001
CandidateCDHashFull sha256=5a62d3cb098a416f610e14750853fa4418dd2001325da99cba366c8cc5604356
Hash choices=sha256
CMSDigest=5a62d3cb098a416f610e14750853fa4418dd2001325da99cba366c8cc5604356
CMSDigestType=2
Executable Segment base=0
Executable Segment limit=32768
Executable Segment flags=0x1
Page size=16384
CDHash=5a62d3cb098a416f610e14750853fa4418dd2001
Signature=adhoc
Info.plist entries=9
TeamIdentifier=not set
Sealed Resources version=2 rules=13 files=3
Internal requirements count=0 size=12
