$ sh -c find\ \"\$HOME/tcfs\"\ -maxdepth\ 4\ -print\ 2\>/dev/null\ \|\ grep\ -Evi\ \"/secrets\(\$\|/\)\|token\|secret\|password\|credential\|api\[_-\]\?key\|auth\[_-\]\?key\"\ \|\ sort\ \|\ head\ -500
/Users/jess/tcfs
/Users/jess/tcfs/.DS_Store
/Users/jess/tcfs/complex-test
/Users/jess/tcfs/complex-test/.hidden
/Users/jess/tcfs/complex-test/.hidden/.gitkeep
/Users/jess/tcfs/complex-test/cafe\xcc\x81.txt
/Users/jess/tcfs/complex-test/conflict-test.txt
/Users/jess/tcfs/complex-test/data.gz
/Users/jess/tcfs/complex-test/docs
/Users/jess/tcfs/complex-test/docs/drafts
/Users/jess/tcfs/complex-test/docs/drafts/draft1.md
/Users/jess/tcfs/complex-test/file with spaces.txt
/Users/jess/tcfs/complex-test/large.bin
/Users/jess/tcfs/complex-test/race-1775846670.txt
/Users/jess/tcfs/complex-test/src
/Users/jess/tcfs/complex-test/src/lib
/Users/jess/tcfs/complex-test/src/lib/mod.rs
/Users/jess/tcfs/docs
/Users/jess/tcfs/docs/readme.txt
/Users/jess/tcfs/dotfiles
/Users/jess/tcfs/dotfiles/ghostty
/Users/jess/tcfs/dotfiles/ghostty/config
/Users/jess/tcfs/dotfiles/starship.toml
/Users/jess/tcfs/dotfiles/tcfs
/Users/jess/tcfs/dotfiles/tcfs/config.toml
/Users/jess/tcfs/dotfiles/tcfs/config.toml.bak
/Users/jess/tcfs/dotfiles/tcfs/device-03d8a0bd-36de-4df8-9b88-a923a9dd2c7a.age
/Users/jess/tcfs/dotfiles/tcfs/device-be005d70-62e7-42ee-8881-bf3d88f3c757.age
/Users/jess/tcfs/dotfiles/tcfs/device-d6d65d8d-79db-471c-9090-8a7c21329567.age
/Users/jess/tcfs/dotfiles/tcfs/device-f1d980ab-5666-4f40-9e28-e274cda86d45.age
/Users/jess/tcfs/dotfiles/tcfs/device-ff818f17-500e-43e5-a406-2b63bff367ec.age
/Users/jess/tcfs/dotfiles/tcfs/devices.json
/Users/jess/tcfs/dotfiles/tcfs/fileprovider
/Users/jess/tcfs/dotfiles/tcfs/fileprovider/config.json
/Users/jess/tcfs/dotfiles/tcfs/sync-policy.toml
/Users/jess/tcfs/e2e-demo-1775846149.txt
/Users/jess/tcfs/e2e-live-test.txt
/Users/jess/tcfs/e2e-session2-neo.txt
/Users/jess/tcfs/e2e-test
/Users/jess/tcfs/e2e-test/cross-host-final.txt
/Users/jess/tcfs/e2e-test/cross-host-fixed.txt
/Users/jess/tcfs/e2e-test/decrypt-proof.txt
/Users/jess/tcfs/e2e-test/encrypted-test.txt
/Users/jess/tcfs/e2e-test/final-sync-test.txt
/Users/jess/tcfs/e2e-test/fix-verify.txt
/Users/jess/tcfs/e2e-test/neo-prefix-test.txt
/Users/jess/tcfs/e2e-test/neo-test.txt
/Users/jess/tcfs/e2e-test/prefix-test.txt
/Users/jess/tcfs/e2e-test/sync-verify-2026-04-05.txt
/Users/jess/tcfs/e2e-test/verified.txt
/Users/jess/tcfs/final-sprint-honey.txt
/Users/jess/tcfs/finder-smoke-20260430T0259Z
/Users/jess/tcfs/finder-smoke-20260430T0259Z/finder-smoke.txt
/Users/jess/tcfs/finder-smoke-20260430T0305Z
/Users/jess/tcfs/finder-smoke-20260430T0305Z/finder-smoke.txt
/Users/jess/tcfs/fp-hydrate-test.txt
/Users/jess/tcfs/git
/Users/jess/tcfs/git/.DS_Store
/Users/jess/tcfs/git/crush-dots
/Users/jess/tcfs/git/fuzzy-crush
/Users/jess/tcfs/git/fuzzy-crush/.tcfs-git-manifest.toml
/Users/jess/tcfs/git/tinyland-sunshine
/Users/jess/tcfs/macos-local-normalized-20260501T162944Z
/Users/jess/tcfs/macos-local-normalized-20260501T162944Z/fixture.txt
/Users/jess/tcfs/macos-local-smoke-20260501T155638Z
/Users/jess/tcfs/macos-local-smoke-20260501T155638Z/fixture.txt
/Users/jess/tcfs/macos-local-smoke-20260501T161653Z
/Users/jess/tcfs/macos-local-smoke-20260501T161653Z/fixture.txt
/Users/jess/tcfs/macos-local-workingset-20260501T162545Z
/Users/jess/tcfs/macos-local-workingset-20260501T162545Z/fixture.txt
/Users/jess/tcfs/neo-to-honey-sync.txt
/Users/jess/tcfs/shared
/Users/jess/tcfs/shared/alpha-test.txt
/Users/jess/tcfs/sprint-fp-proof.txt
/Users/jess/tcfs/subdir-test
/Users/jess/tcfs/subdir-test/nested-file.txt
/Users/jess/tcfs/sync-root-test.txt
/Users/jess/tcfs/test-e2e.txt
