evidence dir: /tmp/tcfs-home-canary-linux-xr-shadow-20260511T074110Z/linux-lifecycle/linux-lifecycle/evidence
remote: seaweedfs://100.64.48.53:8333/tcfs/home-canary-linux-xr-shadow-20260511T040100Z/linux-lifecycle/linux-lifecycle
temp root: /tmp/tcfs-lazy-linux-demo.LYamnl
tcfs command: /tmp/tcfs-canary-build-216668bd4e71fec87408c24d4fa1718330f62831/tummycrypt/target/debug/tcfs

[1/9] seed fixture into remote prefix
[2m2026-05-11T07:52:46.875704Z[0m [33m WARN[0m [2mtcfs_secrets[0m[2m:[0m S3 credentials loaded from AWS_ACCESS_KEY_ID env var. Prefer SOPS file, TCFS_S3_ACCESS, or ~/.aws/credentials for production.
[2m2026-05-11T07:52:46.875796Z[0m [32m INFO[0m [2mtcfs[0m[2m:[0m CLI credentials loaded [3msource[0m[2m=[0menv:AWS_ACCESS_KEY_ID
[2m2026-05-11T07:52:46.875840Z[0m [33m WARN[0m [2mtcfs_storage::operator[0m[2m:[0m S3 endpoint uses plaintext HTTP — credentials are transmitted unencrypted. Set storage.enforce_tls = true and use HTTPS in production. [3mendpoint[0m[2m=[0mhttp://100.64.48.53:8333
Pushing /tmp/tcfs-lazy-linux-demo.LYamnl/source → tcfs:home-canary-linux-xr-shadow-20260511T040100Z/linux-lifecycle/linux-lifecycle (endpoint: http://100.64.48.53:8333, device: d1176e5d...)
[2m2026-05-11T07:52:46.882865Z[0m [33m WARN[0m [2mopendal::services[0m[2m:[0m service=s3 name=tcfs path=home-canary-linux-xr-shadow-20260511T040100Z/linux-lifecycle/linux-lifecycle/index/docs/README.md: read failed NotFound (permanent) at read, context: { uri: http://100.64.48.53:8333/tcfs/home-canary-linux-xr-shadow-20260511T040100Z/linux-lifecycle/linux-lifecycle/index/docs/README.md, response: Parts { status: 404, version: HTTP/1.1, headers: {"accept-ranges": "bytes", "content-length": "436", "content-type": "application/xml", "server": "SeaweedFS 30GB 4.23", "vary": "Origin", "x-amz-request-id": "18AE739065F00725F84C9B09", "date": "Mon, 11 May 2026 07:52:46 GMT"} }, service: s3, path: home-canary-linux-xr-shadow-20260511T040100Z/linux-lifecycle/linux-lifecycle/index/docs/README.md, range: 0- } => S3Error { code: "NoSuchKey", message: "The specified key does not exist.", resource: "/tcfs/home-canary-linux-xr-shadow-20260511T040100Z/linux-lifecycle/linux-lifecycle/index/docs/README.md", request_id: "18AE739065F00725F84C9B09" }
[2m2026-05-11T07:52:46.885619Z[0m [33m WARN[0m [2mopendal::services[0m[2m:[0m service=s3 name=tcfs path=home-canary-linux-xr-shadow-20260511T040100Z/linux-lifecycle/linux-lifecycle/manifests/fc6ae05dfa7398a4506deba1b79c788b5e3cf06ae90eb6ec38d037151e9854c0: stat failed NotFound (permanent) at stat, context: { uri: http://100.64.48.53:8333/tcfs/home-canary-linux-xr-shadow-20260511T040100Z/linux-lifecycle/linux-lifecycle/manifests/fc6ae05dfa7398a4506deba1b79c788b5e3cf06ae90eb6ec38d037151e9854c0, response: Parts { status: 404, version: HTTP/1.1, headers: {"accept-ranges": "bytes", "content-length": "544", "content-type": "application/xml", "server": "SeaweedFS 30GB 4.23", "vary": "Origin", "x-amz-request-id": "18AE73906627B14568B3FAD5", "date": "Mon, 11 May 2026 07:52:46 GMT"} }, service: s3, path: home-canary-linux-xr-shadow-20260511T040100Z/linux-lifecycle/linux-lifecycle/manifests/fc6ae05dfa7398a4506deba1b79c788b5e3cf06ae90eb6ec38d037151e9854c0 }
[2m2026-05-11T07:52:46.888866Z[0m [33m WARN[0m [2mopendal::services[0m[2m:[0m service=s3 name=tcfs path=home-canary-linux-xr-shadow-20260511T040100Z/linux-lifecycle/linux-lifecycle/chunks/fc6ae05dfa7398a4506deba1b79c788b5e3cf06ae90eb6ec38d037151e9854c0: stat failed NotFound (permanent) at stat, context: { uri: http://100.64.48.53:8333/tcfs/home-canary-linux-xr-shadow-20260511T040100Z/linux-lifecycle/linux-lifecycle/chunks/fc6ae05dfa7398a4506deba1b79c788b5e3cf06ae90eb6ec38d037151e9854c0, response: Parts { status: 404, version: HTTP/1.1, headers: {"accept-ranges": "bytes", "content-length": "538", "content-type": "application/xml", "server": "SeaweedFS 30GB 4.23", "vary": "Origin", "x-amz-request-id": "18AE73906656DDF70D8FCC04", "date": "Mon, 11 May 2026 07:52:46 GMT"} }, service: s3, path: home-canary-linux-xr-shadow-20260511T040100Z/linux-lifecycle/linux-lifecycle/chunks/fc6ae05dfa7398a4506deba1b79c788b5e3cf06ae90eb6ec38d037151e9854c0 }
[2m2026-05-11T07:52:46.924786Z[0m [33m WARN[0m [2mopendal::services[0m[2m:[0m service=s3 name=tcfs path=home-canary-linux-xr-shadow-20260511T040100Z/linux-lifecycle/linux-lifecycle/index/docs/README.md: read failed NotFound (permanent) at read, context: { uri: http://100.64.48.53:8333/tcfs/home-canary-linux-xr-shadow-20260511T040100Z/linux-lifecycle/linux-lifecycle/index/docs/README.md, response: Parts { status: 404, version: HTTP/1.1, headers: {"accept-ranges": "bytes", "content-length": "436", "content-type": "application/xml", "server": "SeaweedFS 30GB 4.23", "vary": "Origin", "x-amz-request-id": "18AE7390687B29A18942A1D3", "date": "Mon, 11 May 2026 07:52:46 GMT"} }, service: s3, path: home-canary-linux-xr-shadow-20260511T040100Z/linux-lifecycle/linux-lifecycle/index/docs/README.md, range: 0- } => S3Error { code: "NoSuchKey", message: "The specified key does not exist.", resource: "/tcfs/home-canary-linux-xr-shadow-20260511T040100Z/linux-lifecycle/linux-lifecycle/index/docs/README.md", request_id: "18AE7390687B29A18942A1D3" }
[2m2026-05-11T07:52:46.938633Z[0m [33m WARN[0m [2mopendal::services[0m[2m:[0m service=s3 name=tcfs path=home-canary-linux-xr-shadow-20260511T040100Z/linux-lifecycle/linux-lifecycle/manifests/fc6ae05dfa7398a4506deba1b79c788b5e3cf06ae90eb6ec38d037151e9854c0: stat failed NotFound (permanent) at stat, context: { uri: http://100.64.48.53:8333/tcfs/home-canary-linux-xr-shadow-20260511T040100Z/linux-lifecycle/linux-lifecycle/manifests/fc6ae05dfa7398a4506deba1b79c788b5e3cf06ae90eb6ec38d037151e9854c0, response: Parts { status: 404, version: HTTP/1.1, headers: {"accept-ranges": "bytes", "content-length": "544", "content-type": "application/xml", "server": "SeaweedFS 30GB 4.23", "vary": "Origin", "x-amz-request-id": "18AE73906952B5616842C91D", "date": "Mon, 11 May 2026 07:52:46 GMT"} }, service: s3, path: home-canary-linux-xr-shadow-20260511T040100Z/linux-lifecycle/linux-lifecycle/manifests/fc6ae05dfa7398a4506deba1b79c788b5e3cf06ae90eb6ec38d037151e9854c0 }
[2m2026-05-11T07:52:46.955118Z[0m [32m INFO[0m [2mtcfs_sync::engine[0m[2m:[0m uploaded [3mpath[0m[2m=[0m/tmp/tcfs-lazy-linux-demo.LYamnl/source/docs/README.md [3mhash[0m[2m=[0mfc6ae05dfa7398a4506deba1b79c788b5e3cf06ae90eb6ec38d037151e9854c0 [3mchunks[0m[2m=[0m1 [3mbytes[0m[2m=[0m25 [3muploaded_bytes[0m[2m=[0m25 [3mstreaming[0m[2m=[0mfalse [3mchunk_upload_concurrency[0m[2m=[0m4
[2m2026-05-11T07:52:46.958038Z[0m [33m WARN[0m [2mopendal::services[0m[2m:[0m service=s3 name=tcfs path=home-canary-linux-xr-shadow-20260511T040100Z/linux-lifecycle/linux-lifecycle/index/docs/deep/remote.txt: read failed NotFound (permanent) at read, context: { uri: http://100.64.48.53:8333/tcfs/home-canary-linux-xr-shadow-20260511T040100Z/linux-lifecycle/linux-lifecycle/index/docs/deep/remote.txt, response: Parts { status: 404, version: HTTP/1.1, headers: {"accept-ranges": "bytes", "content-length": "448", "content-type": "application/xml", "server": "SeaweedFS 30GB 4.23", "vary": "Origin", "x-amz-request-id": "18AE73906A782D0678B426C5", "date": "Mon, 11 May 2026 07:52:46 GMT"} }, service: s3, path: home-canary-linux-xr-shadow-20260511T040100Z/linux-lifecycle/linux-lifecycle/index/docs/deep/remote.txt, range: 0- } => S3Error { code: "NoSuchKey", message: "The specified key does not exist.", resource: "/tcfs/home-canary-linux-xr-shadow-20260511T040100Z/linux-lifecycle/linux-lifecycle/index/docs/deep/remote.txt", request_id: "18AE73906A782D0678B426C5" }
[2m2026-05-11T07:52:46.960545Z[0m [33m WARN[0m [2mopendal::services[0m[2m:[0m service=s3 name=tcfs path=home-canary-linux-xr-shadow-20260511T040100Z/linux-lifecycle/linux-lifecycle/manifests/bd130d300f1664b215946530c541de597de7deeadd9f12560b8bfd0061791ca1: stat failed NotFound (permanent) at stat, context: { uri: http://100.64.48.53:8333/tcfs/home-canary-linux-xr-shadow-20260511T040100Z/linux-lifecycle/linux-lifecycle/manifests/bd130d300f1664b215946530c541de597de7deeadd9f12560b8bfd0061791ca1, response: Parts { status: 404, version: HTTP/1.1, headers: {"accept-ranges": "bytes", "content-length": "544", "content-type": "application/xml", "server": "SeaweedFS 30GB 4.23", "vary": "Origin", "x-amz-request-id": "18AE73906AA12F3CB45BC2B5", "date": "Mon, 11 May 2026 07:52:46 GMT"} }, service: s3, path: home-canary-linux-xr-shadow-20260511T040100Z/linux-lifecycle/linux-lifecycle/manifests/bd130d300f1664b215946530c541de597de7deeadd9f12560b8bfd0061791ca1 }
[2m2026-05-11T07:52:46.963415Z[0m [33m WARN[0m [2mopendal::services[0m[2m:[0m service=s3 name=tcfs path=home-canary-linux-xr-shadow-20260511T040100Z/linux-lifecycle/linux-lifecycle/chunks/bd130d300f1664b215946530c541de597de7deeadd9f12560b8bfd0061791ca1: stat failed NotFound (permanent) at stat, context: { uri: http://100.64.48.53:8333/tcfs/home-canary-linux-xr-shadow-20260511T040100Z/linux-lifecycle/linux-lifecycle/chunks/bd130d300f1664b215946530c541de597de7deeadd9f12560b8bfd0061791ca1, response: Parts { status: 404, version: HTTP/1.1, headers: {"accept-ranges": "bytes", "content-length": "538", "content-type": "application/xml", "server": "SeaweedFS 30GB 4.23", "vary": "Origin", "x-amz-request-id": "18AE73906ACCC114FE193E1B", "date": "Mon, 11 May 2026 07:52:46 GMT"} }, service: s3, path: home-canary-linux-xr-shadow-20260511T040100Z/linux-lifecycle/linux-lifecycle/chunks/bd130d300f1664b215946530c541de597de7deeadd9f12560b8bfd0061791ca1 }
[2m2026-05-11T07:52:46.970275Z[0m [33m WARN[0m [2mopendal::services[0m[2m:[0m service=s3 name=tcfs path=home-canary-linux-xr-shadow-20260511T040100Z/linux-lifecycle/linux-lifecycle/index/docs/deep/remote.txt: read failed NotFound (permanent) at read, context: { uri: http://100.64.48.53:8333/tcfs/home-canary-linux-xr-shadow-20260511T040100Z/linux-lifecycle/linux-lifecycle/index/docs/deep/remote.txt, response: Parts { status: 404, version: HTTP/1.1, headers: {"accept-ranges": "bytes", "content-length": "448", "content-type": "application/xml", "server": "SeaweedFS 30GB 4.23", "vary": "Origin", "x-amz-request-id": "18AE73906B339AFE409A8CE9", "date": "Mon, 11 May 2026 07:52:46 GMT"} }, service: s3, path: home-canary-linux-xr-shadow-20260511T040100Z/linux-lifecycle/linux-lifecycle/index/docs/deep/remote.txt, range: 0- } => S3Error { code: "NoSuchKey", message: "The specified key does not exist.", resource: "/tcfs/home-canary-linux-xr-shadow-20260511T040100Z/linux-lifecycle/linux-lifecycle/index/docs/deep/remote.txt", request_id: "18AE73906B339AFE409A8CE9" }
[2m2026-05-11T07:52:46.981610Z[0m [33m WARN[0m [2mopendal::services[0m[2m:[0m service=s3 name=tcfs path=home-canary-linux-xr-shadow-20260511T040100Z/linux-lifecycle/linux-lifecycle/manifests/bd130d300f1664b215946530c541de597de7deeadd9f12560b8bfd0061791ca1: stat failed NotFound (permanent) at stat, context: { uri: http://100.64.48.53:8333/tcfs/home-canary-linux-xr-shadow-20260511T040100Z/linux-lifecycle/linux-lifecycle/manifests/bd130d300f1664b215946530c541de597de7deeadd9f12560b8bfd0061791ca1, response: Parts { status: 404, version: HTTP/1.1, headers: {"accept-ranges": "bytes", "content-length": "544", "content-type": "application/xml", "server": "SeaweedFS 30GB 4.23", "vary": "Origin", "x-amz-request-id": "18AE73906BE2AA2547E96B11", "date": "Mon, 11 May 2026 07:52:46 GMT"} }, service: s3, path: home-canary-linux-xr-shadow-20260511T040100Z/linux-lifecycle/linux-lifecycle/manifests/bd130d300f1664b215946530c541de597de7deeadd9f12560b8bfd0061791ca1 }
[2m2026-05-11T07:52:46.993627Z[0m [32m INFO[0m [2mtcfs_sync::engine[0m[2m:[0m uploaded [3mpath[0m[2m=[0m/tmp/tcfs-lazy-linux-demo.LYamnl/source/docs/deep/remote.txt [3mhash[0m[2m=[0mbd130d300f1664b215946530c541de597de7deeadd9f12560b8bfd0061791ca1 [3mchunks[0m[2m=[0m1 [3mbytes[0m[2m=[0m77 [3muploaded_bytes[0m[2m=[0m77 [3mstreaming[0m[2m=[0mfalse [3mchunk_upload_concurrency[0m[2m=[0m4

Push complete:
  uploaded: 2 files (102 B)
  skipped:  0 files (unchanged)
  total:    2 files

[2/9] start direct fuse mount
mounted at: /tmp/tcfs-lazy-linux-demo.LYamnl/mount

[3/9] prove traversal does not hydrate content
/tmp/tcfs-lazy-linux-demo.LYamnl/mount
/tmp/tcfs-lazy-linux-demo.LYamnl/mount/docs
/tmp/tcfs-lazy-linux-demo.LYamnl/mount/docs/README.md
/tmp/tcfs-lazy-linux-demo.LYamnl/mount/docs/deep
/tmp/tcfs-lazy-linux-demo.LYamnl/mount/docs/deep/remote.txt
/tmp/tcfs-lazy-linux-demo.LYamnl/mount/docs/empty-dir

[4/9] cat remote-backed file and verify hydration
mounted root: /tmp/tcfs-lazy-linux-demo.LYamnl/mount
listing parent before cat: /tmp/tcfs-lazy-linux-demo.LYamnl/mount/docs/deep
total 1
drwxr-xr-x. 2 jess jess  0 May 11 03:52 .
drwxr-xr-x. 2 jess jess  0 May 11 03:52 ..
-rw-r--r--. 1 jess jess 77 May 11 03:52 remote.txt
find evidence (max depth 6):
/tmp/tcfs-lazy-linux-demo.LYamnl/mount
/tmp/tcfs-lazy-linux-demo.LYamnl/mount/docs
/tmp/tcfs-lazy-linux-demo.LYamnl/mount/docs/README.md
/tmp/tcfs-lazy-linux-demo.LYamnl/mount/docs/deep
/tmp/tcfs-lazy-linux-demo.LYamnl/mount/docs/deep/remote.txt
/tmp/tcfs-lazy-linux-demo.LYamnl/mount/docs/empty-dir
cat hydrate target: docs/deep/remote.txt
cat byte count: 77
lazy hydration mounted smoke passed
cache after first cat: entries=1 bytes=77

[5/9] write and edit through mounted view, then verify exact remote pull
[2m2026-05-11T07:52:47.398635Z[0m [33m WARN[0m [2mtcfs_secrets[0m[2m:[0m S3 credentials loaded from AWS_ACCESS_KEY_ID env var. Prefer SOPS file, TCFS_S3_ACCESS, or ~/.aws/credentials for production.
[2m2026-05-11T07:52:47.398752Z[0m [32m INFO[0m [2mtcfs[0m[2m:[0m CLI credentials loaded [3msource[0m[2m=[0menv:AWS_ACCESS_KEY_ID
[2m2026-05-11T07:52:47.398796Z[0m [33m WARN[0m [2mtcfs_storage::operator[0m[2m:[0m S3 endpoint uses plaintext HTTP — credentials are transmitted unencrypted. Set storage.enforce_tls = true and use HTTPS in production. [3mendpoint[0m[2m=[0mhttp://100.64.48.53:8333
Pulling docs/deep/mounted-write.txt → /tmp/tcfs-lazy-linux-demo.LYamnl/mounted-write-remote-pull
[2m2026-05-11T07:52:47.414593Z[0m [32m INFO[0m [2mtcfs_sync::engine[0m[2m:[0m downloaded [3mremote[0m[2m=[0mhome-canary-linux-xr-shadow-20260511T040100Z/linux-lifecycle/linux-lifecycle/manifests/566dc4e5cc6d1993149202667f448a51529639ec2751e6db8427095d49cf7af6 [3mlocal[0m[2m=[0m/tmp/tcfs-lazy-linux-demo.LYamnl/mounted-write-remote-pull [3mbytes[0m[2m=[0m60

Downloaded:
  local:  /tmp/tcfs-lazy-linux-demo.LYamnl/mounted-write-remote-pull
  bytes:  60 B
remote mounted-write pull matched exact edited content

[6/9] clear mount cache as mounted-surface dehydration
cache after clear: entries=0

[7/9] cat again and verify rehydration
cache after re-cat: entries=1 bytes=77

[8/9] prove recursive safe-unsync refuses dirty descendants
Refusing to unsync directory with dirty descendants: /tmp/tcfs-lazy-linux-demo.LYamnl/source/docs
  dirty:
    /tmp/tcfs-lazy-linux-demo.LYamnl/source/docs/README.md (size changed: 25 → 38)
  summary: 0 converted, 0 skipped, 1 dirty
Error: 1 dirty descendant(s) with local changes. Use --force to unsync anyway.

[9/9] restore clean content and prove recursive safe-unsync succeeds
Unsynced directory: /tmp/tcfs-lazy-linux-demo.LYamnl/source/docs
  converted:
    /tmp/tcfs-lazy-linux-demo.LYamnl/source/docs/README.md → /tmp/tcfs-lazy-linux-demo.LYamnl/source/docs/README.md.tc
    /tmp/tcfs-lazy-linux-demo.LYamnl/source/docs/deep/remote.txt → /tmp/tcfs-lazy-linux-demo.LYamnl/source/docs/deep/remote.txt.tc
  summary: 2 converted, 0 skipped, 0 dirty
State cache: /tmp/tcfs-lazy-linux-demo.LYamnl/state.json
Tracked files: 3

File: /tmp/tcfs-lazy-linux-demo.LYamnl/source/docs/README.md
  hash:       fc6ae05dfa7398a4
  size:       25 B
  chunks:     1
  remote:     home-canary-linux-xr-shadow-20260511T040100Z/linux-lifecycle/linux-lifecycle/manifests/fc6ae05dfa7398a4506deba1b79c788b5e3cf06ae90eb6ec38d037151e9854c0
  last sync:  1 seconds ago
  sync state: not_synced
  sync check: up to date

lazy hydration Linux lifecycle demo passed
evidence written to: /tmp/tcfs-home-canary-linux-xr-shadow-20260511T074110Z/linux-lifecycle/linux-lifecycle/evidence
