Executable=/Users/jess/Applications/TCFSProvider.app/Contents/MacOS/TCFSProvider
Identifier=io.tinyland.tcfs
Format=app bundle with Mach-O thin (arm64)
CodeDirectory v=20400 size=521 flags=0x2(adhoc) hashes=6+7 location=embedded
VersionPlatform=1
VersionMin=983040
VersionSDK=1705216
Hash type=sha256 size=32
CandidateCDHash sha256=73d22bfe1dd14b60086df96022a43ba2558ab32a
CandidateCDHashFull sha256=73d22bfe1dd14b60086df96022a43ba2558ab32a5acc974388ba0934878beae4
Hash choices=sha256
CMSDigest=73d22bfe1dd14b60086df96022a43ba2558ab32a5acc974388ba0934878beae4
CMSDigestType=2
Executable Segment base=0
Executable Segment limit=32768
Executable Segment flags=0x1
Page size=16384
CDHash=73d22bfe1dd14b60086df96022a43ba2558ab32a
Signature=adhoc
Info.plist entries=9
TeamIdentifier=not set
Sealed Resources version=2 rules=13 files=3
Internal requirements count=0 size=12
