Executable=/Users/jess/Applications/TCFSProvider.app/Contents/Extensions/TCFSFileProvider.appex/Contents/MacOS/TCFSFileProvider
Identifier=io.tinyland.tcfs.fileprovider
Format=bundle with Mach-O thin (arm64)
CodeDirectory v=20400 size=10518 flags=0x2(adhoc) hashes=318+7 location=embedded
VersionPlatform=1
VersionMin=983040
VersionSDK=1705216
Hash type=sha256 size=32
CandidateCDHash sha256=4cc0c107df16f39de234a08868419e74707b9b6b
CandidateCDHashFull sha256=4cc0c107df16f39de234a08868419e74707b9b6b7b0d8615317b473729f60321
Hash choices=sha256
CMSDigest=4cc0c107df16f39de234a08868419e74707b9b6b7b0d8615317b473729f60321
CMSDigestType=2
Executable Segment base=0
Executable Segment limit=3260416
Executable Segment flags=0x1
Page size=16384
CDHash=4cc0c107df16f39de234a08868419e74707b9b6b
Signature=adhoc
Info.plist entries=9
TeamIdentifier=not set
Sealed Resources version=2 rules=13 files=0
Internal requirements count=0 size=12
