Linux d9e94d94d127 6.18.10-200.fc43.aarch64 #1 SMP PREEMPT_DYNAMIC Wed Feb 11 17:23:35 UTC 2026 x86_64 GNU/Linux
PRETTY_NAME="Debian GNU/Linux 13 (trixie)"
NAME="Debian GNU/Linux"
VERSION_ID="13"
VERSION="13 (trixie)"
VERSION_CODENAME=trixie
DEBIAN_VERSION_FULL=13.4
ID=debian
HOME_URL="https://www.debian.org/"
SUPPORT_URL="https://www.debian.org/support"
BUG_REPORT_URL="https://bugs.debian.org/"
Get:1 http://deb.debian.org/debian trixie InRelease [140 kB]
Get:2 http://deb.debian.org/debian trixie-updates InRelease [47.3 kB]
Get:3 http://deb.debian.org/debian-security trixie-security InRelease [43.4 kB]
Get:4 http://deb.debian.org/debian trixie/main amd64 Packages [9671 kB]
Get:5 http://deb.debian.org/debian trixie-updates/main amd64 Packages [5412 B]
Get:6 http://deb.debian.org/debian-security trixie-security/main amd64 Packages [156 kB]
Fetched 10.1 MB in 4s (2717 kB/s)
Reading package lists...
Reading package lists...
Building dependency tree...
Reading state information...
The following additional packages will be installed:
  openssl
The following NEW packages will be installed:
  ca-certificates openssl
0 upgraded, 2 newly installed, 0 to remove and 0 not upgraded.
Need to get 1662 kB of archives.
After this operation, 2958 kB of additional disk space will be used.
Get:1 http://deb.debian.org/debian-security trixie-security/main amd64 openssl amd64 3.5.5-1~deb13u2 [1500 kB]
Get:2 http://deb.debian.org/debian trixie/main amd64 ca-certificates all 20250419 [162 kB]
Preconfiguring packages ...
Fetched 1662 kB in 0s (6958 kB/s)
Selecting previously unselected package openssl.
(Reading database ... (Reading database ... 5%(Reading database ... 10%(Reading database ... 15%(Reading database ... 20%(Reading database ... 25%(Reading database ... 30%(Reading database ... 35%(Reading database ... 40%(Reading database ... 45%(Reading database ... 50%(Reading database ... 55%(Reading database ... 60%(Reading database ... 65%(Reading database ... 70%(Reading database ... 75%(Reading database ... 80%(Reading database ... 85%(Reading database ... 90%(Reading database ... 95%(Reading database ... 100%(Reading database ... 4936 files and directories currently installed.)
Preparing to unpack .../openssl_3.5.5-1~deb13u2_amd64.deb ...
Unpacking openssl (3.5.5-1~deb13u2) ...
Selecting previously unselected package ca-certificates.
Preparing to unpack .../ca-certificates_20250419_all.deb ...
Unpacking ca-certificates (20250419) ...
Setting up openssl (3.5.5-1~deb13u2) ...
Setting up ca-certificates (20250419) ...
Updating certificates in /etc/ssl/certs...
150 added, 0 removed; done.
Processing triggers for ca-certificates (20250419) ...
Updating certificates in /etc/ssl/certs...
0 added, 0 removed; done.
Running hooks in /etc/ca-certificates/update.d...
done.
9c2c6356e65a6fa60a026b01d68603ee4faef3952907e57c3746d93587d49347  /assets/tcfsd-0.12.12-amd64.deb
4c1a27dc82ccbf0d85d3f903ae83993eb8677cccafe61e123aace5a8190508f4  /assets/tcfs-0.12.12-amd64.deb
9c2c6356e65a6fa60a026b01d68603ee4faef3952907e57c3746d93587d49347  tcfsd-0.12.12-amd64.deb
4c1a27dc82ccbf0d85d3f903ae83993eb8677cccafe61e123aace5a8190508f4  tcfs-0.12.12-amd64.deb
Reading package lists...
Building dependency tree...
Reading state information...
The following NEW packages will be installed:
  tcfs-cli tcfsd
0 upgraded, 2 newly installed, 0 to remove and 0 not upgraded.
Need to get 0 B/9754 kB of archives.
After this operation, 34.2 MB of additional disk space will be used.
Get:1 /assets/tcfs-0.12.12-amd64.deb tcfs-cli amd64 0.12.12-1 [4562 kB]
Get:2 /assets/tcfsd-0.12.12-amd64.deb tcfsd amd64 0.12.12-1 [5192 kB]
Selecting previously unselected package tcfs-cli.
(Reading database ... (Reading database ... 5%(Reading database ... 10%(Reading database ... 15%(Reading database ... 20%(Reading database ... 25%(Reading database ... 30%(Reading database ... 35%(Reading database ... 40%(Reading database ... 45%(Reading database ... 50%(Reading database ... 55%(Reading database ... 60%(Reading database ... 65%(Reading database ... 70%(Reading database ... 75%(Reading database ... 80%(Reading database ... 85%(Reading database ... 90%(Reading database ... 95%(Reading database ... 100%(Reading database ... 5500 files and directories currently installed.)
Preparing to unpack /assets/tcfs-0.12.12-amd64.deb ...
Unpacking tcfs-cli (0.12.12-1) ...
Selecting previously unselected package tcfsd.
Preparing to unpack .../assets/tcfsd-0.12.12-amd64.deb ...
Unpacking tcfsd (0.12.12-1) ...
Setting up tcfsd (0.12.12-1) ...
Setting up tcfs-cli (0.12.12-1) ...
tcfsd version: tcfsd 0.12.12
tcfs version: tcfs 0.12.12
starting daemon smoke with temp home: /tmp/tcfs-install-smoke.ob584Z/home
daemon socket ready: /tmp/tcfs-install-smoke.ob584Z/home/.local/state/tcfsd/tcfsd.sock
tcfsd v0.12.12
  uptime:        1s
  socket:        /tmp/tcfs-install-smoke.ob584Z/home/.local/state/tcfsd/tcfsd.sock
  device:        d9e94d94d127 (e49f193a)
  conflict mode: auto
  storage:       http://localhost:8333 [UNREACHABLE]
  nats:          not connected
  active mounts: 0
  credentials:   loaded (source: env)
install smoke passed
