bash scripts/neo-honey-smoke.sh
==> neo-honey live acceptance smoke
repo: /Users/jess/git/tummycrypt
==> proving SeaweedFS health
   Compiling libc v0.2.184
   Compiling subtle v2.6.1
   Compiling tracing-core v0.1.36
   Compiling futures-util v0.3.32
   Compiling zerovec v0.11.6
   Compiling log v0.4.29
   Compiling getrandom v0.4.2
   Compiling rustix v1.1.4
   Compiling fastrand v2.4.1
   Compiling tracing v0.1.44
   Compiling inout v0.1.4
   Compiling num-traits v0.2.19
   Compiling tinystr v0.8.3
   Compiling potential_utf v0.1.5
   Compiling curve25519-dalek v4.1.3
   Compiling getrandom v0.2.17
   Compiling errno v0.3.14
   Compiling rand_core v0.6.4
   Compiling jobserver v0.1.34
   Compiling parking_lot_core v0.9.12
   Compiling crypto-common v0.1.7
   Compiling parking_lot v0.12.5
   Compiling signal-hook-registry v1.4.8
   Compiling cc v1.2.60
   Compiling socket2 v0.6.3
   Compiling mio v1.2.0
   Compiling digest v0.10.7
   Compiling icu_locale_core v2.2.0
   Compiling cpufeatures v0.2.17
   Compiling icu_collections v2.2.0
   Compiling tokio v1.51.1
   Compiling rand_chacha v0.3.1
   Compiling rand v0.8.5
   Compiling ring v0.17.14
   Compiling icu_provider v2.2.0
   Compiling icu_properties v2.2.0
   Compiling icu_normalizer v2.2.0
   Compiling tempfile v3.27.0
   Compiling const-random-macro v0.1.16
   Compiling sha2 v0.10.9
   Compiling cipher v0.4.4
   Compiling prost-build v0.14.3
   Compiling const-random v0.1.18
   Compiling zstd-sys v2.0.16+zstd.1.5.7
   Compiling dlv-list v0.5.2
   Compiling idna_adapter v1.2.1
   Compiling idna v1.1.0
   Compiling url v2.5.8
   Compiling tonic-prost-build v0.14.5
   Compiling hmac v0.12.1
   Compiling signature v2.2.0
   Compiling ordered-multimap v0.7.3
   Compiling tcfs-core v0.12.12 (/Users/jess/git/tummycrypt/crates/tcfs-core)
   Compiling blake3 v1.8.4
   Compiling chrono v0.4.44
   Compiling tokio-util v0.7.18
   Compiling tokio-stream v0.1.18
   Compiling h2 v0.4.13
   Compiling tower v0.5.3
   Compiling axum v0.8.8
   Compiling hyper v1.9.0
   Compiling rustls v0.23.37
   Compiling tower-http v0.6.8
   Compiling rustls-webpki v0.103.13
   Compiling rust-ini v0.21.3
   Compiling hyper-util v0.1.20
   Compiling ed25519 v2.2.3
   Compiling futures-executor v0.3.32
   Compiling sha1 v0.10.6
   Compiling universal-hash v0.5.1
   Compiling aead v0.5.2
   Compiling security-framework-sys v2.17.0
   Compiling core-foundation v0.10.1
   Compiling constant_time_eq v0.4.2
   Compiling security-framework v3.7.0
   Compiling regex-automata v0.4.14
   Compiling hyper-timeout v0.5.2
   Compiling tonic v0.14.5
   Compiling poly1305 v0.8.0
   Compiling cmac v0.7.2
   Compiling futures v0.3.32
   Compiling ed25519-dalek v2.2.0
   Compiling backon v1.6.0
   Compiling signatory v0.27.1
   Compiling ctr v0.9.2
   Compiling chacha20 v0.9.1
   Compiling aes v0.8.4
   Compiling uuid v1.23.0
   Compiling tokio-rustls v0.26.4
   Compiling md-5 v0.10.6
   Compiling hyper-rustls v0.27.7
   Compiling tonic-prost v0.14.5
   Compiling reqwest v0.12.28
   Compiling reqsign v0.16.5
   Compiling blake2 v0.10.6
   Compiling password-hash v0.5.0
   Compiling either v1.15.0
   Compiling nkeys v0.4.5
   Compiling rayon v1.11.0
   Compiling tokio-websockets v0.10.1
   Compiling opendal v0.55.0
   Compiling argon2 v0.5.3
   Compiling regex v1.12.3
   Compiling aes-siv v0.7.0
   Compiling chacha20poly1305 v0.10.1
   Compiling rustls-native-certs v0.8.3
   Compiling tryhard v0.5.2
   Compiling hkdf v0.12.4
   Compiling nuid v0.5.0
   Compiling fsevent-sys v4.1.0
   Compiling async-nats v0.47.0
   Compiling tcfs-crypto v0.12.12 (/Users/jess/git/tummycrypt/crates/tcfs-crypto)
   Compiling notify v8.2.0
   Compiling zstd-safe v7.2.4
   Compiling zstd v0.13.3
   Compiling tcfs-storage v0.12.12 (/Users/jess/git/tummycrypt/crates/tcfs-storage)
   Compiling tcfs-chunks v0.12.12 (/Users/jess/git/tummycrypt/crates/tcfs-chunks)
   Compiling tcfs-sync v0.12.12 (/Users/jess/git/tummycrypt/crates/tcfs-sync)
   Compiling tcfs-vfs v0.12.12 (/Users/jess/git/tummycrypt/crates/tcfs-vfs)
   Compiling tcfs-e2e v0.12.12 (/Users/jess/git/tummycrypt/tests/e2e)
    Finished `test` profile [unoptimized + debuginfo] target(s) in 8m 05s
     Running tests/fleet_live.rs (target/debug/deps/fleet_live-a8ae97f5acdeabcc)

running 1 test
test seaweedfs_health_check ... ok

test result: ok. 1 passed; 0 failed; 0 ignored; 0 measured; 6 filtered out; finished in 0.17s

==> proving NATS JetStream connectivity
    Finished `test` profile [unoptimized + debuginfo] target(s) in 8.11s
     Running tests/fleet_live.rs (target/debug/deps/fleet_live-a8ae97f5acdeabcc)

running 1 test
  stream: SYNC_TASKS (0 messages)
  stream: STATE_UPDATES (1845 messages)
  stream: HYDRATION_EVENTS (0 messages)
NATS JetStream: 3 streams found
test nats_connect_and_jetstream ... ok

test result: ok. 1 passed; 0 failed; 0 ignored; 0 measured; 6 filtered out; finished in 0.18s

==> proving named neo-honey two-device sync path
    Finished `test` profile [unoptimized + debuginfo] target(s) in 3.75s
     Running tests/fleet_live.rs (target/debug/deps/fleet_live-a8ae97f5acdeabcc)

running 1 test
neo-honey smoke verified: neo pushed 15 bytes, honey pulled 15 bytes via NATS
test neo_honey_two_device_sync_smoke ... ok

test result: ok. 1 passed; 0 failed; 0 ignored; 0 measured; 6 filtered out; finished in 0.29s

==> neo-honey smoke passed
