bash scripts/neo-honey-smoke.sh
==> neo-honey live acceptance smoke
repo: /Users/jess/git/tummycrypt
==> proving SeaweedFS health
   Compiling tokio v1.51.1
   Compiling curve25519-dalek v4.1.3
   Compiling signature v2.2.0
   Compiling core-foundation v0.10.1
   Compiling security-framework-sys v2.17.0
   Compiling futures-executor v0.3.32
   Compiling ed25519 v2.2.3
   Compiling regex-automata v0.4.14
   Compiling security-framework v3.7.0
   Compiling futures v0.3.32
   Compiling signatory v0.27.1
   Compiling nuid v0.5.0
   Compiling ed25519-dalek v2.2.0
   Compiling rustls-native-certs v0.8.3
   Compiling nkeys v0.4.5
   Compiling regex v1.12.3
   Compiling tokio-util v0.7.18
   Compiling tokio-rustls v0.26.4
   Compiling tokio-stream v0.1.18
   Compiling backon v1.6.0
   Compiling tryhard v0.5.2
   Compiling h2 v0.4.13
   Compiling tower v0.5.3
   Compiling tokio-websockets v0.10.1
   Compiling async-nats v0.47.0
   Compiling axum v0.8.8
   Compiling tower-http v0.6.8
   Compiling hyper v1.9.0
   Compiling hyper-util v0.1.20
   Compiling hyper-timeout v0.5.2
   Compiling hyper-rustls v0.27.7
   Compiling tonic v0.14.5
   Compiling reqwest v0.12.28
   Compiling reqsign v0.16.5
   Compiling tonic-prost v0.14.5
   Compiling tcfs-core v0.12.12 (/Users/jess/git/tummycrypt/crates/tcfs-core)
   Compiling opendal v0.55.0
   Compiling tcfs-chunks v0.12.12 (/Users/jess/git/tummycrypt/crates/tcfs-chunks)
   Compiling tcfs-storage v0.12.12 (/Users/jess/git/tummycrypt/crates/tcfs-storage)
   Compiling tcfs-sync v0.12.12 (/Users/jess/git/tummycrypt/crates/tcfs-sync)
   Compiling tcfs-vfs v0.12.12 (/Users/jess/git/tummycrypt/crates/tcfs-vfs)
   Compiling tcfs-e2e v0.12.12 (/Users/jess/git/tummycrypt/tests/e2e)
    Finished `test` profile [unoptimized + debuginfo] target(s) in 25.91s
     Running tests/fleet_live.rs (target/debug/deps/fleet_live-a8ae97f5acdeabcc)

running 1 test
test seaweedfs_health_check ... ok

test result: ok. 1 passed; 0 failed; 0 ignored; 0 measured; 6 filtered out; finished in 0.03s

==> proving NATS JetStream connectivity
    Finished `test` profile [unoptimized + debuginfo] target(s) in 0.78s
     Running tests/fleet_live.rs (target/debug/deps/fleet_live-a8ae97f5acdeabcc)

running 1 test
  stream: SYNC_TASKS (0 messages)
  stream: STATE_UPDATES (1819 messages)
  stream: HYDRATION_EVENTS (0 messages)
NATS JetStream: 3 streams found
test nats_connect_and_jetstream ... ok

test result: ok. 1 passed; 0 failed; 0 ignored; 0 measured; 6 filtered out; finished in 0.14s

==> proving named neo-honey two-device sync path
    Finished `test` profile [unoptimized + debuginfo] target(s) in 0.66s
     Running tests/fleet_live.rs (target/debug/deps/fleet_live-a8ae97f5acdeabcc)

running 1 test
neo-honey smoke verified: neo pushed 15 bytes, honey pulled 15 bytes via NATS
test neo_honey_two_device_sync_smoke ... ok

test result: ok. 1 passed; 0 failed; 0 ignored; 0 measured; 6 filtered out; finished in 0.16s

==> neo-honey smoke passed
