evidence dir: /tmp/tcfs-home-canary-linux-xr-shadow-20260515T003124Z/linux-lifecycle/linux-lifecycle/evidence
remote: seaweedfs://100.64.48.53:8333/tcfs/git-repo-canary-oauth-mux-20260515T003123Z/linux-lifecycle/linux-lifecycle
temp root: /tmp/tcfs-lazy-linux-demo.anroPR
tcfs command: /tmp/tcfs-0.12.12-linux-x86_64-canary/tcfs-0.12.12-linux-x86_64/tcfs

[1/9] seed fixture into remote prefix
[2m2026-05-15T00:35:25.447457Z[0m [33m WARN[0m [2mtcfs_secrets[0m[2m:[0m S3 credentials loaded from AWS_ACCESS_KEY_ID env var. Prefer SOPS file, TCFS_S3_ACCESS, or ~/.aws/credentials for production.
[2m2026-05-15T00:35:25.447484Z[0m [32m INFO[0m [2mtcfs[0m[2m:[0m CLI credentials loaded [3msource[0m[2m=[0menv:AWS_ACCESS_KEY_ID
[2m2026-05-15T00:35:25.447502Z[0m [33m WARN[0m [2mtcfs_storage::operator[0m[2m:[0m S3 endpoint uses plaintext HTTP — credentials are transmitted unencrypted. Set storage.enforce_tls = true and use HTTPS in production. [3mendpoint[0m[2m=[0mhttp://100.64.48.53:8333
Pushing /tmp/tcfs-lazy-linux-demo.anroPR/source → tcfs:git-repo-canary-oauth-mux-20260515T003123Z/linux-lifecycle/linux-lifecycle (endpoint: http://100.64.48.53:8333, device: d1176e5d...)
[2m2026-05-15T00:35:25.453631Z[0m [33m WARN[0m [2mopendal::services[0m[2m:[0m service=s3 name=tcfs path=git-repo-canary-oauth-mux-20260515T003123Z/linux-lifecycle/linux-lifecycle/index/docs/README.md: read failed NotFound (permanent) at read, context: { uri: http://100.64.48.53:8333/tcfs/git-repo-canary-oauth-mux-20260515T003123Z/linux-lifecycle/linux-lifecycle/index/docs/README.md, response: Parts { status: 404, version: HTTP/1.1, headers: {"accept-ranges": "bytes", "content-length": "432", "content-type": "application/xml", "server": "SeaweedFS 30GB 4.23", "vary": "Origin", "x-amz-request-id": "18AF9604DC0BF31C31060C47", "date": "Fri, 15 May 2026 00:35:25 GMT"} }, service: s3, path: git-repo-canary-oauth-mux-20260515T003123Z/linux-lifecycle/linux-lifecycle/index/docs/README.md, range: 0- } => S3Error { code: "NoSuchKey", message: "The specified key does not exist.", resource: "/tcfs/git-repo-canary-oauth-mux-20260515T003123Z/linux-lifecycle/linux-lifecycle/index/docs/README.md", request_id: "18AF9604DC0BF31C31060C47" }
[2m2026-05-15T00:35:25.456268Z[0m [33m WARN[0m [2mopendal::services[0m[2m:[0m service=s3 name=tcfs path=git-repo-canary-oauth-mux-20260515T003123Z/linux-lifecycle/linux-lifecycle/manifests/fc6ae05dfa7398a4506deba1b79c788b5e3cf06ae90eb6ec38d037151e9854c0: stat failed NotFound (permanent) at stat, context: { uri: http://100.64.48.53:8333/tcfs/git-repo-canary-oauth-mux-20260515T003123Z/linux-lifecycle/linux-lifecycle/manifests/fc6ae05dfa7398a4506deba1b79c788b5e3cf06ae90eb6ec38d037151e9854c0, response: Parts { status: 404, version: HTTP/1.1, headers: {"accept-ranges": "bytes", "content-length": "540", "content-type": "application/xml", "server": "SeaweedFS 30GB 4.23", "vary": "Origin", "x-amz-request-id": "18AF9604DC4C330A47D9B4BE", "date": "Fri, 15 May 2026 00:35:25 GMT"} }, service: s3, path: git-repo-canary-oauth-mux-20260515T003123Z/linux-lifecycle/linux-lifecycle/manifests/fc6ae05dfa7398a4506deba1b79c788b5e3cf06ae90eb6ec38d037151e9854c0 }
[2m2026-05-15T00:35:25.459172Z[0m [33m WARN[0m [2mopendal::services[0m[2m:[0m service=s3 name=tcfs path=git-repo-canary-oauth-mux-20260515T003123Z/linux-lifecycle/linux-lifecycle/chunks/fc6ae05dfa7398a4506deba1b79c788b5e3cf06ae90eb6ec38d037151e9854c0: stat failed NotFound (permanent) at stat, context: { uri: http://100.64.48.53:8333/tcfs/git-repo-canary-oauth-mux-20260515T003123Z/linux-lifecycle/linux-lifecycle/chunks/fc6ae05dfa7398a4506deba1b79c788b5e3cf06ae90eb6ec38d037151e9854c0, response: Parts { status: 404, version: HTTP/1.1, headers: {"accept-ranges": "bytes", "content-length": "534", "content-type": "application/xml", "server": "SeaweedFS 30GB 4.23", "vary": "Origin", "x-amz-request-id": "18AF9604DC770DD7D7F61546", "date": "Fri, 15 May 2026 00:35:25 GMT"} }, service: s3, path: git-repo-canary-oauth-mux-20260515T003123Z/linux-lifecycle/linux-lifecycle/chunks/fc6ae05dfa7398a4506deba1b79c788b5e3cf06ae90eb6ec38d037151e9854c0 }
[2m2026-05-15T00:35:25.468913Z[0m [33m WARN[0m [2mopendal::services[0m[2m:[0m service=s3 name=tcfs path=git-repo-canary-oauth-mux-20260515T003123Z/linux-lifecycle/linux-lifecycle/index/docs/README.md: read failed NotFound (permanent) at read, context: { uri: http://100.64.48.53:8333/tcfs/git-repo-canary-oauth-mux-20260515T003123Z/linux-lifecycle/linux-lifecycle/index/docs/README.md, response: Parts { status: 404, version: HTTP/1.1, headers: {"accept-ranges": "bytes", "content-length": "432", "content-type": "application/xml", "server": "SeaweedFS 30GB 4.23", "vary": "Origin", "x-amz-request-id": "18AF9604DD0CF352DF50F217", "date": "Fri, 15 May 2026 00:35:25 GMT"} }, service: s3, path: git-repo-canary-oauth-mux-20260515T003123Z/linux-lifecycle/linux-lifecycle/index/docs/README.md, range: 0- } => S3Error { code: "NoSuchKey", message: "The specified key does not exist.", resource: "/tcfs/git-repo-canary-oauth-mux-20260515T003123Z/linux-lifecycle/linux-lifecycle/index/docs/README.md", request_id: "18AF9604DD0CF352DF50F217" }
[2m2026-05-15T00:35:25.482142Z[0m [33m WARN[0m [2mopendal::services[0m[2m:[0m service=s3 name=tcfs path=git-repo-canary-oauth-mux-20260515T003123Z/linux-lifecycle/linux-lifecycle/manifests/fc6ae05dfa7398a4506deba1b79c788b5e3cf06ae90eb6ec38d037151e9854c0: stat failed NotFound (permanent) at stat, context: { uri: http://100.64.48.53:8333/tcfs/git-repo-canary-oauth-mux-20260515T003123Z/linux-lifecycle/linux-lifecycle/manifests/fc6ae05dfa7398a4506deba1b79c788b5e3cf06ae90eb6ec38d037151e9854c0, response: Parts { status: 404, version: HTTP/1.1, headers: {"accept-ranges": "bytes", "content-length": "540", "content-type": "application/xml", "server": "SeaweedFS 30GB 4.23", "vary": "Origin", "x-amz-request-id": "18AF9604DDDDCC28A451B463", "date": "Fri, 15 May 2026 00:35:25 GMT"} }, service: s3, path: git-repo-canary-oauth-mux-20260515T003123Z/linux-lifecycle/linux-lifecycle/manifests/fc6ae05dfa7398a4506deba1b79c788b5e3cf06ae90eb6ec38d037151e9854c0 }
[2m2026-05-15T00:35:25.491867Z[0m [32m INFO[0m [2mtcfs_sync::engine[0m[2m:[0m uploaded [3mpath[0m[2m=[0m/tmp/tcfs-lazy-linux-demo.anroPR/source/docs/README.md [3mhash[0m[2m=[0mfc6ae05dfa7398a4506deba1b79c788b5e3cf06ae90eb6ec38d037151e9854c0 [3mchunks[0m[2m=[0m1 [3mbytes[0m[2m=[0m25 [3muploaded_bytes[0m[2m=[0m25 [3mstreaming[0m[2m=[0mfalse
[2m2026-05-15T00:35:25.493699Z[0m [33m WARN[0m [2mopendal::services[0m[2m:[0m service=s3 name=tcfs path=git-repo-canary-oauth-mux-20260515T003123Z/linux-lifecycle/linux-lifecycle/index/docs/deep/remote.txt: read failed NotFound (permanent) at read, context: { uri: http://100.64.48.53:8333/tcfs/git-repo-canary-oauth-mux-20260515T003123Z/linux-lifecycle/linux-lifecycle/index/docs/deep/remote.txt, response: Parts { status: 404, version: HTTP/1.1, headers: {"accept-ranges": "bytes", "content-length": "444", "content-type": "application/xml", "server": "SeaweedFS 30GB 4.23", "vary": "Origin", "x-amz-request-id": "18AF9604DE8FD7BB95895320", "date": "Fri, 15 May 2026 00:35:25 GMT"} }, service: s3, path: git-repo-canary-oauth-mux-20260515T003123Z/linux-lifecycle/linux-lifecycle/index/docs/deep/remote.txt, range: 0- } => S3Error { code: "NoSuchKey", message: "The specified key does not exist.", resource: "/tcfs/git-repo-canary-oauth-mux-20260515T003123Z/linux-lifecycle/linux-lifecycle/index/docs/deep/remote.txt", request_id: "18AF9604DE8FD7BB95895320" }
[2m2026-05-15T00:35:25.495261Z[0m [33m WARN[0m [2mopendal::services[0m[2m:[0m service=s3 name=tcfs path=git-repo-canary-oauth-mux-20260515T003123Z/linux-lifecycle/linux-lifecycle/manifests/bd130d300f1664b215946530c541de597de7deeadd9f12560b8bfd0061791ca1: stat failed NotFound (permanent) at stat, context: { uri: http://100.64.48.53:8333/tcfs/git-repo-canary-oauth-mux-20260515T003123Z/linux-lifecycle/linux-lifecycle/manifests/bd130d300f1664b215946530c541de597de7deeadd9f12560b8bfd0061791ca1, response: Parts { status: 404, version: HTTP/1.1, headers: {"accept-ranges": "bytes", "content-length": "540", "content-type": "application/xml", "server": "SeaweedFS 30GB 4.23", "vary": "Origin", "x-amz-request-id": "18AF9604DEA8D86254F7867F", "date": "Fri, 15 May 2026 00:35:25 GMT"} }, service: s3, path: git-repo-canary-oauth-mux-20260515T003123Z/linux-lifecycle/linux-lifecycle/manifests/bd130d300f1664b215946530c541de597de7deeadd9f12560b8bfd0061791ca1 }
[2m2026-05-15T00:35:25.496896Z[0m [33m WARN[0m [2mopendal::services[0m[2m:[0m service=s3 name=tcfs path=git-repo-canary-oauth-mux-20260515T003123Z/linux-lifecycle/linux-lifecycle/chunks/bd130d300f1664b215946530c541de597de7deeadd9f12560b8bfd0061791ca1: stat failed NotFound (permanent) at stat, context: { uri: http://100.64.48.53:8333/tcfs/git-repo-canary-oauth-mux-20260515T003123Z/linux-lifecycle/linux-lifecycle/chunks/bd130d300f1664b215946530c541de597de7deeadd9f12560b8bfd0061791ca1, response: Parts { status: 404, version: HTTP/1.1, headers: {"accept-ranges": "bytes", "content-length": "534", "content-type": "application/xml", "server": "SeaweedFS 30GB 4.23", "vary": "Origin", "x-amz-request-id": "18AF9604DEC11A651E6E8D88", "date": "Fri, 15 May 2026 00:35:25 GMT"} }, service: s3, path: git-repo-canary-oauth-mux-20260515T003123Z/linux-lifecycle/linux-lifecycle/chunks/bd130d300f1664b215946530c541de597de7deeadd9f12560b8bfd0061791ca1 }
[2m2026-05-15T00:35:25.501726Z[0m [33m WARN[0m [2mopendal::services[0m[2m:[0m service=s3 name=tcfs path=git-repo-canary-oauth-mux-20260515T003123Z/linux-lifecycle/linux-lifecycle/index/docs/deep/remote.txt: read failed NotFound (permanent) at read, context: { uri: http://100.64.48.53:8333/tcfs/git-repo-canary-oauth-mux-20260515T003123Z/linux-lifecycle/linux-lifecycle/index/docs/deep/remote.txt, response: Parts { status: 404, version: HTTP/1.1, headers: {"accept-ranges": "bytes", "content-length": "444", "content-type": "application/xml", "server": "SeaweedFS 30GB 4.23", "vary": "Origin", "x-amz-request-id": "18AF9604DF0BE616050E02D9", "date": "Fri, 15 May 2026 00:35:25 GMT"} }, service: s3, path: git-repo-canary-oauth-mux-20260515T003123Z/linux-lifecycle/linux-lifecycle/index/docs/deep/remote.txt, range: 0- } => S3Error { code: "NoSuchKey", message: "The specified key does not exist.", resource: "/tcfs/git-repo-canary-oauth-mux-20260515T003123Z/linux-lifecycle/linux-lifecycle/index/docs/deep/remote.txt", request_id: "18AF9604DF0BE616050E02D9" }
[2m2026-05-15T00:35:25.509751Z[0m [33m WARN[0m [2mopendal::services[0m[2m:[0m service=s3 name=tcfs path=git-repo-canary-oauth-mux-20260515T003123Z/linux-lifecycle/linux-lifecycle/manifests/bd130d300f1664b215946530c541de597de7deeadd9f12560b8bfd0061791ca1: stat failed NotFound (permanent) at stat, context: { uri: http://100.64.48.53:8333/tcfs/git-repo-canary-oauth-mux-20260515T003123Z/linux-lifecycle/linux-lifecycle/manifests/bd130d300f1664b215946530c541de597de7deeadd9f12560b8bfd0061791ca1, response: Parts { status: 404, version: HTTP/1.1, headers: {"accept-ranges": "bytes", "content-length": "540", "content-type": "application/xml", "server": "SeaweedFS 30GB 4.23", "vary": "Origin", "x-amz-request-id": "18AF9604DF86B961F8FF230B", "date": "Fri, 15 May 2026 00:35:25 GMT"} }, service: s3, path: git-repo-canary-oauth-mux-20260515T003123Z/linux-lifecycle/linux-lifecycle/manifests/bd130d300f1664b215946530c541de597de7deeadd9f12560b8bfd0061791ca1 }
[2m2026-05-15T00:35:25.517999Z[0m [32m INFO[0m [2mtcfs_sync::engine[0m[2m:[0m uploaded [3mpath[0m[2m=[0m/tmp/tcfs-lazy-linux-demo.anroPR/source/docs/deep/remote.txt [3mhash[0m[2m=[0mbd130d300f1664b215946530c541de597de7deeadd9f12560b8bfd0061791ca1 [3mchunks[0m[2m=[0m1 [3mbytes[0m[2m=[0m77 [3muploaded_bytes[0m[2m=[0m77 [3mstreaming[0m[2m=[0mfalse

Push complete:
  uploaded: 2 files (102 B)
  skipped:  0 files (unchanged)
  total:    2 files

[2/9] start direct fuse mount
mounted at: /tmp/tcfs-lazy-linux-demo.anroPR/mount

[3/9] prove traversal does not hydrate content
/tmp/tcfs-lazy-linux-demo.anroPR/mount
/tmp/tcfs-lazy-linux-demo.anroPR/mount/docs
/tmp/tcfs-lazy-linux-demo.anroPR/mount/docs/README.md
/tmp/tcfs-lazy-linux-demo.anroPR/mount/docs/deep
/tmp/tcfs-lazy-linux-demo.anroPR/mount/docs/deep/remote.txt
/tmp/tcfs-lazy-linux-demo.anroPR/mount/docs/empty-dir

[4/9] cat remote-backed file and verify hydration
mounted root: /tmp/tcfs-lazy-linux-demo.anroPR/mount
listing parent before cat: /tmp/tcfs-lazy-linux-demo.anroPR/mount/docs/deep
total 1
drwxr-xr-x. 2 jess jess  0 May 14 20:35 .
drwxr-xr-x. 2 jess jess  0 May 14 20:35 ..
-rw-r--r--. 1 jess jess 77 May 14 20:35 remote.txt
find evidence (max depth 6):
/tmp/tcfs-lazy-linux-demo.anroPR/mount
/tmp/tcfs-lazy-linux-demo.anroPR/mount/docs
/tmp/tcfs-lazy-linux-demo.anroPR/mount/docs/README.md
/tmp/tcfs-lazy-linux-demo.anroPR/mount/docs/deep
/tmp/tcfs-lazy-linux-demo.anroPR/mount/docs/deep/remote.txt
/tmp/tcfs-lazy-linux-demo.anroPR/mount/docs/empty-dir
cat hydrate target: docs/deep/remote.txt
cat byte count: 77
lazy hydration mounted smoke passed
cache after first cat: entries=1 bytes=77

[5/9] write and edit through mounted view, then verify exact remote pull
[2m2026-05-15T00:35:25.862432Z[0m [33m WARN[0m [2mtcfs_secrets[0m[2m:[0m S3 credentials loaded from AWS_ACCESS_KEY_ID env var. Prefer SOPS file, TCFS_S3_ACCESS, or ~/.aws/credentials for production.
[2m2026-05-15T00:35:25.862503Z[0m [32m INFO[0m [2mtcfs[0m[2m:[0m CLI credentials loaded [3msource[0m[2m=[0menv:AWS_ACCESS_KEY_ID
[2m2026-05-15T00:35:25.862527Z[0m [33m WARN[0m [2mtcfs_storage::operator[0m[2m:[0m S3 endpoint uses plaintext HTTP — credentials are transmitted unencrypted. Set storage.enforce_tls = true and use HTTPS in production. [3mendpoint[0m[2m=[0mhttp://100.64.48.53:8333
Pulling docs/deep/mounted-write.txt → /tmp/tcfs-lazy-linux-demo.anroPR/mounted-write-remote-pull
[2m2026-05-15T00:35:25.874514Z[0m [32m INFO[0m [2mtcfs_sync::engine[0m[2m:[0m downloaded [3mremote[0m[2m=[0mgit-repo-canary-oauth-mux-20260515T003123Z/linux-lifecycle/linux-lifecycle/manifests/566dc4e5cc6d1993149202667f448a51529639ec2751e6db8427095d49cf7af6 [3mlocal[0m[2m=[0m/tmp/tcfs-lazy-linux-demo.anroPR/mounted-write-remote-pull [3mbytes[0m[2m=[0m60

Downloaded:
  local:  /tmp/tcfs-lazy-linux-demo.anroPR/mounted-write-remote-pull
  bytes:  60 B
remote mounted-write pull matched exact edited content

[6/9] clear mount cache as mounted-surface dehydration
cache after clear: entries=0

[7/9] cat again and verify rehydration
cache after re-cat: entries=1 bytes=77

[8/9] prove recursive safe-unsync refuses dirty descendants
Error: /tmp/tcfs-lazy-linux-demo.anroPR/source/docs is not tracked (never pushed)
error: recursive unsync refusal did not mention dirty descendants
