task: [lazy:macos-finder-preflight] bash -euo pipefail <<'EOF'
args=()

if [[ -n "${EXPECTED_VERSION:-}" ]]; then
  args+=(--expected-version "$EXPECTED_VERSION")
fi
if [[ -n "${CONFIG_PATH:-}" ]]; then
  args+=(--config "$CONFIG_PATH")
fi
if [[ -n "${FILEPROVIDER_CONFIG:-}" ]]; then
  args+=(--fileprovider-config "$FILEPROVIDER_CONFIG")
fi
if [[ -n "${APP_PATH:-}" ]]; then
  args+=(--app-path "$APP_PATH")
fi
if [[ -n "${CLOUD_ROOT:-}" ]]; then
  args+=(--cloud-root "$CLOUD_ROOT")
fi
if [[ -n "${PLUGIN_ID:-}" ]]; then
  args+=(--plugin-id "$PLUGIN_ID")
fi
if [[ -n "${DOMAIN_ID:-}" ]]; then
  args+=(--domain-id "$DOMAIN_ID")
fi
if [[ "${ALLOW_MULTIPLE_PLUGIN_REGISTRATIONS:-0}" == "1" ]]; then
  args+=(--allow-multiple-plugin-registrations)
fi
if [[ "${TCFS_REQUIRE_PRODUCTION_SIGNING:-${REQUIRE_PRODUCTION_SIGNING:-0}}" == "1" ]]; then
  args+=(--require-production-signing)
fi
if [[ -n "${TCFS_BIN:-}" ]]; then
  args+=(--tcfs "$TCFS_BIN")
fi
if [[ -n "${TCFSD_BIN:-}" ]]; then
  args+=(--tcfsd "$TCFSD_BIN")
fi

scripts/macos-fileprovider-preflight.sh "${args[@]}"
EOF

warning: fileproviderctl domain list unavailable on this host
File Provider control utility.
fileproviderctl <command> <options>

Commands:
  dump [<domain|provider>]                                       - dump state of fileprovider's daemon
      -l, --limit-dump-size                                                 limit the number of items dumped
  diagnose                                                       - dump state of fileprovider's daemon in several files
      -l, --limit-dump-size                                                 limit the number of items dumped
      -o, --output                                                          output path for the diagnose
  evaluate <item>                                                - evaluate finder actions and decorations on item
  evaluate <action> [<item>] <target item>                       - evaluate finder interactions
  check | repair                                                 - run FPCK
      -f                                                                perform a full dump (all items)
      -a <path>                                                         perform check under path
      -b <path>                                                         operate on an already created DB backup. If this is set you need to set -a to point to the domain root
      -o <path>                                                         write output into file at path
      -P                                                                no-pager output
      -d                                                                dimisss low-importance invariants
      -v                                                                print out files with broken invariants
      -m [<providerDomainID>]                                           perform check on the d2d migration backup
      -x xpc|daemon                                                     launch in XPC Service vs daemon (default)
  obfuscate [<filename>/<path>...]                               - return the obfuscated form of the filename
