Trying to pull ghcr.io/jesssullivan/tcfsd:v0.12.12...
Getting image source signatures
Copying blob sha256:ef49c20a7b35aa995683f311510d35d77e203a2204f84de14a71a6d726e6af73
Copying blob sha256:7c12895b777bcaa8ccae0605b4de635b68fc32d60fa08f421dc3818bf55ee212
Copying blob sha256:bf7a4185f01524837d19abde915ffde84e64368b250f5b5e9f6f75aea62a11d4
Copying blob sha256:526604835308e0d61f64a3d3e2d614308fef4ed655f0111a4566627296c0195c
Copying blob sha256:2780920e5dbfbe103d03a583ed75345306e572ec5a48cb10361f046767d9f29a
Copying blob sha256:990a9c434e5e0f11549a8d4a41a1991e621b04e30cd63269adbc97b1dc38fd7e
Copying blob sha256:52630fc75a18675c530ed9eba5f55eca09b03e91bd5bc15307918bbc1a7e7296
Copying blob sha256:dd64bf2dd177757451a98fcdc999a339c35dee5d9872d8f4dc69c8f3c4dd0112
Copying blob sha256:3214acf345c0cc6bbdb56b698a41ccdefc624a09d6beb0d38b5de0b2303ecaf4
Copying blob sha256:b839dfae01f66e15c6a8b63520557ed315bdfe036342fa7a0c537259f10d7a9a
Copying blob sha256:069d1e267530c2e681fbd4d481553b4d05f98082b18fafac86e7f12996dddd0b
Copying blob sha256:1e8acdaa260712eac85de25745cd44440065e108314a5d02c01a6678d4b75143
Copying blob sha256:dcaa5a89b0ccda4b283e16d0b4d0891cd93d5fe05c6798f7806781a6a2d84354
Copying blob sha256:a812c900745ef51faf67489acb703c178411510edf7e0ab31af973e08567afb0
Copying blob sha256:c65bb0c25578bf8f2a8b87d1996dfd93a5330c03195c8f0401cf88b2e0de9210
Copying blob sha256:b16bb3b2bd07785f19e8c72faf8106454371bff33191bdb4480fd8d9455b7472
Copying blob sha256:8c891eac3f4e1fe15d36954f203740d2dc8ed362f7b37099d8bd8d5590100943
Copying blob sha256:336f6c853c4e7eaa77938f48c9b7ce98841916930fb3da435f7ca69586fe5853
Copying blob sha256:09a293e23ad4da809ddcb1272242692a54d381c3b33a292919097ff8620b0f50
Copying config sha256:8685761cd2af6563e57dfe6cfd30aa919236fe95ff3fcca7535a721aba3288f5
Writing manifest to image destination
8685761cd2af6563e57dfe6cfd30aa919236fe95ff3fcca7535a721aba3288f5
